2016-12-28 12:32:49,238 Started
2016-12-28 12:32:49,753 Accounts to be run: 3
2016-12-28 12:32:50,153 Contacts to be run: 0
2016-12-28 12:32:50,156 Finished getting info from ZoomInfo
2016-12-28 12:32:50,158 Starting sfdc update
2016-12-28 12:32:50,158 Success
2016-12-28 12:36:16,574 Started
2016-12-28 12:36:17,134 Accounts to be run: 3
2016-12-28 12:36:17,839 {"CompanyDetailRequest": {"ErrorMessage": "Permission denied to use this API."}}
2016-12-28 12:36:17,839 {"CompanyDetailRequest": {"ErrorMessage": "Authentication Failed"}}
2016-12-28 12:36:17,839 {"CompanyDetailRequest": {"ErrorMessage": "Authentication Failed"}}
2016-12-28 12:36:18,141 Contacts to be run: 0
2016-12-28 12:36:18,142 Finished getting info from ZoomInfo
2016-12-28 12:36:18,144 Starting sfdc update
2016-12-28 12:36:18,144 Success
2016-12-28 12:38:11,862 Started
2016-12-28 12:38:12,888 Accounts to be run: 3
2016-12-28 12:38:13,606 {"CompanyDetailRequest": {"ErrorMessage": "Permission denied to use this API."}}
2016-12-28 12:38:13,607 {"CompanyDetailRequest": {"ErrorMessage": "Authentication Failed"}}
2016-12-28 12:38:13,607 {"CompanyDetailRequest": {"ErrorMessage": "Authentication Failed"}}
2016-12-28 12:38:13,914 Contacts to be run: 0
2016-12-28 12:38:13,915 Finished getting info from ZoomInfo
2016-12-28 12:38:13,917 Starting sfdc update
2016-12-28 12:38:13,917 Success
2016-12-28 12:39:19,151 Started
2016-12-28 12:39:19,613 Accounts to be run: 3
2016-12-28 12:39:20,323 {"CompanyDetailRequest": {"ErrorMessage": "Permission denied to use this API."}}
2016-12-28 12:39:20,323 {"CompanyDetailRequest": {"ErrorMessage": "Authentication Failed"}}
2016-12-28 12:39:20,323 {"CompanyDetailRequest": {"ErrorMessage": "Authentication Failed"}}
2016-12-28 12:39:20,620 Contacts to be run: 0
2016-12-28 12:39:20,621 Finished getting info from ZoomInfo
2016-12-28 12:39:20,627 Starting sfdc update
2016-12-28 12:39:20,627 Success
2016-12-28 12:40:34,367 Started
2016-12-28 12:40:34,824 Accounts to be run: 3
2016-12-28 12:40:35,630 {"CompanyDetailRequest": {"ErrorMessage": "Permission denied to use this API."}}
2016-12-28 12:40:35,630 {"CompanyDetailRequest": {"ErrorMessage": "Permission denied to use this API."}}
2016-12-28 12:40:35,630 {"CompanyDetailRequest": {"ErrorMessage": "Permission denied to use this API."}}
2016-12-28 12:40:36,067 Contacts to be run: 0
2016-12-28 12:40:36,068 Finished getting info from ZoomInfo
2016-12-28 12:40:36,070 Starting sfdc update
2016-12-28 12:40:36,070 Success
2016-12-28 12:44:11,268 Started
2016-12-28 12:44:11,730 Accounts to be run: 3
2016-12-28 12:44:11,998 {"ErrorMessage": "Invalid input parameter 'name'"}
2016-12-28 12:44:12,291 Contacts to be run: 0
2016-12-28 12:44:12,292 Finished getting info from ZoomInfo
2016-12-28 12:44:12,295 Starting sfdc update
2016-12-28 12:44:12,295 Success
2016-12-28 12:50:08,904 Started
2016-12-28 12:50:09,444 Accounts to be run: 3
2016-12-28 12:50:09,703 {"matchError": {"errorCode": 1013, "errorMessage": "You have exceeded your overall API query request limit. Please contact Zoom Information, Inc."}}
2016-12-28 12:50:10,015 Contacts to be run: 0
2016-12-28 12:50:10,016 Finished getting info from ZoomInfo
2016-12-28 12:50:10,018 Starting sfdc update
2016-12-28 12:50:10,018 Success
2016-12-28 12:58:31,769 Started
2016-12-28 12:58:32,194 Accounts to be run: 3
2016-12-28 12:58:32,512 Contacts to be run: 0
2016-12-28 12:58:32,514 Finished getting info from ZoomInfo
2016-12-28 12:58:32,516 Starting sfdc update
2016-12-28 12:58:32,516 Success
2016-12-28 13:01:02,661 Started
2016-12-28 13:01:03,196 Accounts to be run: 3
2016-12-28 13:01:03,547 Contacts to be run: 0
2016-12-28 13:01:03,549 Finished getting info from ZoomInfo
2016-12-28 13:01:03,550 Starting sfdc update
2016-12-28 13:01:03,550 Success
